<?xml version="1.0" encoding="UTF-8"?>
<!-- Generated by org.testng.reporters.JUnitReportReporter -->
<testsuite hostname="Edmond" failures="0" tests="10" name="GoogleWalkthrough.googleSearch_Testng" time="9.990" errors="0" timestamp="2025-01-02T03:36:45 HKT" skipped="0">
  <testcase classname="GoogleWalkthrough.googleSearch_Testng" name="setup5" time="0.437"/>
  <testcase classname="GoogleWalkthrough.googleSearch_Testng" name="setup3" time="0.139"/>
  <testcase classname="GoogleWalkthrough.googleSearch_Testng" name="setup4" time="0.192"/>
  <testcase classname="GoogleWalkthrough.googleSearch_Testng" name="setup1" time="0.656"/>
  <testcase classname="GoogleWalkthrough.googleSearch_Testng" name="setup2" time="2.779"/>
  <testcase classname="GoogleWalkthrough.googleSearch_Testng" name="setup3" time="0.202"/>
  <testcase classname="GoogleWalkthrough.googleSearch_Testng" name="setup5" time="1.718"/>
  <testcase classname="GoogleWalkthrough.googleSearch_Testng" name="setup1" time="1.873"/>
  <testcase classname="GoogleWalkthrough.googleSearch_Testng" name="setup2" time="1.763"/>
  <testcase classname="GoogleWalkthrough.googleSearch_Testng" name="setup4" time="0.231"/>
</testsuite> <!-- GoogleWalkthrough.googleSearch_Testng -->
