<?xml version="1.0" encoding="UTF-8"?>
<!-- Generated by org.testng.reporters.JUnitReportReporter -->
<testsuite hostname="Edmond" failures="0" tests="13" name="GoogleWalkthrough.googleSearch_Testng" time="9.317" errors="0" timestamp="2025-01-02T05:04:51 HKT" skipped="0">
  <testcase classname="GoogleWalkthrough.googleSearch_Testng" name="setup4" time="0.165"/>
  <testcase classname="GoogleWalkthrough.googleSearch_Testng" name="setup1" time="0.682"/>
  <testcase classname="GoogleWalkthrough.googleSearch_Testng" name="setup3" time="0.140"/>
  <testcase classname="GoogleWalkthrough.googleSearch_Testng" name="setup2" time="2.145"/>
  <testcase classname="GoogleWalkthrough.googleSearch_Testng" name="setup2" time="1.814"/>
  <testcase classname="GoogleWalkthrough.googleSearch_Testng" name="setup5" time="0.423"/>
  <testcase classname="GoogleWalkthrough.googleSearch_Testng" name="setup1" time="0.698"/>
  <testcase classname="GoogleWalkthrough.googleSearch_Testng" name="setup3" time="0.118"/>
  <testcase classname="GoogleWalkthrough.googleSearch_Testng" name="setup1" time="0.629"/>
  <testcase classname="GoogleWalkthrough.googleSearch_Testng" name="setup4" time="0.192"/>
  <testcase classname="GoogleWalkthrough.googleSearch_Testng" name="setup2" time="2.031"/>
  <testcase classname="GoogleWalkthrough.googleSearch_Testng" name="setup4" time="0.174"/>
  <testcase classname="GoogleWalkthrough.googleSearch_Testng" name="setup3" time="0.106"/>
</testsuite> <!-- GoogleWalkthrough.googleSearch_Testng -->
